This file contains any messages produced by compilers while
running configure, to aid debugging if configure makes a mistake.

It was created by spawn-fcgi configure 1.6.4, which was
generated by GNU Autoconf 2.68.  Invocation command line was

  $ ./configure --prefix=/home/dyc/tools/spawn-fcgi

## --------- ##
## Platform. ##
## --------- ##

hostname = ubuntu
uname -m = x86_64
uname -r = 3.8.0-36-generic
uname -s = Linux
uname -v = #52~precise1-Ubuntu SMP Mon Feb 3 21:54:46 UTC 2014

/usr/bin/uname -p = unknown
/bin/uname -X     = unknown

/bin/arch              = unknown
/usr/bin/arch -k       = unknown
/usr/convex/getsysinfo = unknown
/usr/bin/hostinfo      = unknown
/bin/machine           = unknown
/usr/bin/oslevel       = unknown
/bin/universe          = unknown

PATH: /home/dyc/tools/python3-protobuf/bin
PATH: /home/dyc/bin/
PATH: /usr/lib/lightdm/lightdm
PATH: /usr/local/sbin
PATH: /usr/local/bin
PATH: /usr/sbin
PATH: /usr/bin
PATH: /sbin
PATH: /bin
PATH: /usr/games


## ----------- ##
## Core tests. ##
## ----------- ##

configure:2216: checking for a BSD-compatible install
configure:2284: result: /usr/bin/install -c
configure:2295: checking whether build environment is sane
configure:2345: result: yes
configure:2486: checking for a thread-safe mkdir -p
configure:2525: result: /bin/mkdir -p
configure:2538: checking for gawk
configure:2568: result: no
configure:2538: checking for mawk
configure:2554: found /usr/bin/mawk
configure:2565: result: mawk
configure:2576: checking whether make sets $(MAKE)
configure:2598: result: yes
configure:2728: checking for gcc
configure:2744: found /usr/bin/gcc
configure:2755: result: gcc
configure:2984: checking for C compiler version
configure:2993: gcc --version >&5
gcc (Ubuntu/Linaro 4.6.3-1ubuntu5) 4.6.3
Copyright (C) 2011 Free Software Foundation, Inc.
This is free software; see the source for copying conditions.  There is NO
warranty; not even for MERCHANTABILITY or FITNESS FOR A PARTICULAR PURPOSE.

configure:3004: $? = 0
configure:2993: gcc -v >&5
Using built-in specs.
COLLECT_GCC=gcc
COLLECT_LTO_WRAPPER=/usr/lib/gcc/x86_64-linux-gnu/4.6/lto-wrapper
Target: x86_64-linux-gnu
Configured with: ../src/configure -v --with-pkgversion='Ubuntu/Linaro 4.6.3-1ubuntu5' --with-bugurl=file:///usr/share/doc/gcc-4.6/README.Bugs --enable-languages=c,c++,fortran,objc,obj-c++ --prefix=/usr --program-suffix=-4.6 --enable-shared --enable-linker-build-id --with-system-zlib --libexecdir=/usr/lib --without-included-gettext --enable-threads=posix --with-gxx-include-dir=/usr/include/c++/4.6 --libdir=/usr/lib --enable-nls --with-sysroot=/ --enable-clocale=gnu --enable-libstdcxx-debug --enable-libstdcxx-time=yes --enable-gnu-unique-object --enable-plugin --enable-objc-gc --disable-werror --with-arch-32=i686 --with-tune=generic --enable-checking=release --build=x86_64-linux-gnu --host=x86_64-linux-gnu --target=x86_64-linux-gnu
Thread model: posix
gcc version 4.6.3 (Ubuntu/Linaro 4.6.3-1ubuntu5) 
configure:3004: $? = 0
configure:2993: gcc -V >&5
gcc: error: unrecognized option '-V'
gcc: fatal error: no input files
compilation terminated.
configure:3004: $? = 4
configure:2993: gcc -qversion >&5
gcc: error: unrecognized option '-qversion'
gcc: fatal error: no input files
compilation terminated.
configure:3004: $? = 4
configure:3024: checking whether the C compiler works
configure:3046: gcc    conftest.c  >&5
configure:3050: $? = 0
configure:3098: result: yes
configure:3101: checking for C compiler default output file name
configure:3103: result: a.out
configure:3109: checking for suffix of executables
configure:3116: gcc -o conftest    conftest.c  >&5
configure:3120: $? = 0
configure:3142: result: 
configure:3164: checking whether we are cross compiling
configure:3172: gcc -o conftest    conftest.c  >&5
configure:3176: $? = 0
configure:3183: ./conftest
configure:3187: $? = 0
configure:3202: result: no
configure:3207: checking for suffix of object files
configure:3229: gcc -c   conftest.c >&5
configure:3233: $? = 0
configure:3254: result: o
configure:3258: checking whether we are using the GNU C compiler
configure:3277: gcc -c   conftest.c >&5
configure:3277: $? = 0
configure:3286: result: yes
configure:3295: checking whether gcc accepts -g
configure:3315: gcc -c -g  conftest.c >&5
configure:3315: $? = 0
configure:3356: result: yes
configure:3373: checking for gcc option to accept ISO C89
configure:3437: gcc  -c -g -O2  conftest.c >&5
configure:3437: $? = 0
configure:3450: result: none needed
configure:3481: checking for style of include used by make
configure:3509: result: GNU
configure:3535: checking dependency style of gcc
configure:3646: result: gcc3
configure:3661: checking whether make sets $(MAKE)
configure:3683: result: yes
configure:3702: checking how to run the C preprocessor
configure:3733: gcc -E  conftest.c
configure:3733: $? = 0
configure:3747: gcc -E  conftest.c
conftest.c:11:28: fatal error: ac_nonexistent.h: No such file or directory
compilation terminated.
configure:3747: $? = 1
configure: failed program was:
| /* confdefs.h */
| #define PACKAGE_NAME "spawn-fcgi"
| #define PACKAGE_TARNAME "spawn-fcgi"
| #define PACKAGE_VERSION "1.6.4"
| #define PACKAGE_STRING "spawn-fcgi 1.6.4"
| #define PACKAGE_BUGREPORT ""
| #define PACKAGE_URL ""
| #define PACKAGE "spawn-fcgi"
| #define VERSION "1.6.4"
| /* end confdefs.h.  */
| #include <ac_nonexistent.h>
configure:3772: result: gcc -E
configure:3792: gcc -E  conftest.c
configure:3792: $? = 0
configure:3806: gcc -E  conftest.c
conftest.c:11:28: fatal error: ac_nonexistent.h: No such file or directory
compilation terminated.
configure:3806: $? = 1
configure: failed program was:
| /* confdefs.h */
| #define PACKAGE_NAME "spawn-fcgi"
| #define PACKAGE_TARNAME "spawn-fcgi"
| #define PACKAGE_VERSION "1.6.4"
| #define PACKAGE_STRING "spawn-fcgi 1.6.4"
| #define PACKAGE_BUGREPORT ""
| #define PACKAGE_URL ""
| #define PACKAGE "spawn-fcgi"
| #define VERSION "1.6.4"
| /* end confdefs.h.  */
| #include <ac_nonexistent.h>
configure:3835: checking for grep that handles long lines and -e
configure:3893: result: /bin/grep
configure:3898: checking for egrep
configure:3960: result: /bin/grep -E
configure:3965: checking for ANSI C header files
configure:3985: gcc -c -g -O2  conftest.c >&5
configure:3985: $? = 0
configure:4058: gcc -o conftest -g -O2   conftest.c  >&5
configure:4058: $? = 0
configure:4058: ./conftest
configure:4058: $? = 0
configure:4069: result: yes
configure:4077: checking for sys/wait.h that is POSIX.1 compatible
configure:4103: gcc -c -g -O2  conftest.c >&5
configure:4103: $? = 0
configure:4110: result: yes
configure:4123: checking for sys/types.h
configure:4123: gcc -c -g -O2  conftest.c >&5
configure:4123: $? = 0
configure:4123: result: yes
configure:4123: checking for sys/stat.h
configure:4123: gcc -c -g -O2  conftest.c >&5
configure:4123: $? = 0
configure:4123: result: yes
configure:4123: checking for stdlib.h
configure:4123: gcc -c -g -O2  conftest.c >&5
configure:4123: $? = 0
configure:4123: result: yes
configure:4123: checking for string.h
configure:4123: gcc -c -g -O2  conftest.c >&5
configure:4123: $? = 0
configure:4123: result: yes
configure:4123: checking for memory.h
configure:4123: gcc -c -g -O2  conftest.c >&5
configure:4123: $? = 0
configure:4123: result: yes
configure:4123: checking for strings.h
configure:4123: gcc -c -g -O2  conftest.c >&5
configure:4123: $? = 0
configure:4123: result: yes
configure:4123: checking for inttypes.h
configure:4123: gcc -c -g -O2  conftest.c >&5
configure:4123: $? = 0
configure:4123: result: yes
configure:4123: checking for stdint.h
configure:4123: gcc -c -g -O2  conftest.c >&5
configure:4123: $? = 0
configure:4123: result: yes
configure:4123: checking for unistd.h
configure:4123: gcc -c -g -O2  conftest.c >&5
configure:4123: $? = 0
configure:4123: result: yes
configure:4141: checking arpa/inet.h usability
configure:4141: gcc -c -g -O2  conftest.c >&5
configure:4141: $? = 0
configure:4141: result: yes
configure:4141: checking arpa/inet.h presence
configure:4141: gcc -E  conftest.c
configure:4141: $? = 0
configure:4141: result: yes
configure:4141: checking for arpa/inet.h
configure:4141: result: yes
configure:4141: checking errno.h usability
configure:4141: gcc -c -g -O2  conftest.c >&5
configure:4141: $? = 0
configure:4141: result: yes
configure:4141: checking errno.h presence
configure:4141: gcc -E  conftest.c
configure:4141: $? = 0
configure:4141: result: yes
configure:4141: checking for errno.h
configure:4141: result: yes
configure:4141: checking fcntl.h usability
configure:4141: gcc -c -g -O2  conftest.c >&5
configure:4141: $? = 0
configure:4141: result: yes
configure:4141: checking fcntl.h presence
configure:4141: gcc -E  conftest.c
configure:4141: $? = 0
configure:4141: result: yes
configure:4141: checking for fcntl.h
configure:4141: result: yes
configure:4141: checking getopt.h usability
configure:4141: gcc -c -g -O2  conftest.c >&5
configure:4141: $? = 0
configure:4141: result: yes
configure:4141: checking getopt.h presence
configure:4141: gcc -E  conftest.c
configure:4141: $? = 0
configure:4141: result: yes
configure:4141: checking for getopt.h
configure:4141: result: yes
configure:4141: checking grp.h usability
configure:4141: gcc -c -g -O2  conftest.c >&5
configure:4141: $? = 0
configure:4141: result: yes
configure:4141: checking grp.h presence
configure:4141: gcc -E  conftest.c
configure:4141: $? = 0
configure:4141: result: yes
configure:4141: checking for grp.h
configure:4141: result: yes
configure:4141: checking netdb.h usability
configure:4141: gcc -c -g -O2  conftest.c >&5
configure:4141: $? = 0
configure:4141: result: yes
configure:4141: checking netdb.h presence
configure:4141: gcc -E  conftest.c
configure:4141: $? = 0
configure:4141: result: yes
configure:4141: checking for netdb.h
configure:4141: result: yes
configure:4141: checking netinet/in.h usability
configure:4141: gcc -c -g -O2  conftest.c >&5
configure:4141: $? = 0
configure:4141: result: yes
configure:4141: checking netinet/in.h presence
configure:4141: gcc -E  conftest.c
configure:4141: $? = 0
configure:4141: result: yes
configure:4141: checking for netinet/in.h
configure:4141: result: yes
configure:4141: checking netinet/tcp.h usability
configure:4141: gcc -c -g -O2  conftest.c >&5
configure:4141: $? = 0
configure:4141: result: yes
configure:4141: checking netinet/tcp.h presence
configure:4141: gcc -E  conftest.c
configure:4141: $? = 0
configure:4141: result: yes
configure:4141: checking for netinet/tcp.h
configure:4141: result: yes
configure:4141: checking pwd.h usability
configure:4141: gcc -c -g -O2  conftest.c >&5
configure:4141: $? = 0
configure:4141: result: yes
configure:4141: checking pwd.h presence
configure:4141: gcc -E  conftest.c
configure:4141: $? = 0
configure:4141: result: yes
configure:4141: checking for pwd.h
configure:4141: result: yes
configure:4141: checking stdio.h usability
configure:4141: gcc -c -g -O2  conftest.c >&5
configure:4141: $? = 0
configure:4141: result: yes
configure:4141: checking stdio.h presence
configure:4141: gcc -E  conftest.c
configure:4141: $? = 0
configure:4141: result: yes
configure:4141: checking for stdio.h
configure:4141: result: yes
configure:4141: checking for stdlib.h
configure:4141: result: yes
configure:4141: checking for string.h
configure:4141: result: yes
configure:4141: checking sys/ioctl.h usability
configure:4141: gcc -c -g -O2  conftest.c >&5
configure:4141: $? = 0
configure:4141: result: yes
configure:4141: checking sys/ioctl.h presence
configure:4141: gcc -E  conftest.c
configure:4141: $? = 0
configure:4141: result: yes
configure:4141: checking for sys/ioctl.h
configure:4141: result: yes
configure:4141: checking sys/socket.h usability
configure:4141: gcc -c -g -O2  conftest.c >&5
configure:4141: $? = 0
configure:4141: result: yes
configure:4141: checking sys/socket.h presence
configure:4141: gcc -E  conftest.c
configure:4141: $? = 0
configure:4141: result: yes
configure:4141: checking for sys/socket.h
configure:4141: result: yes
configure:4141: checking for sys/stat.h
configure:4141: result: yes
configure:4141: checking sys/time.h usability
configure:4141: gcc -c -g -O2  conftest.c >&5
configure:4141: $? = 0
configure:4141: result: yes
configure:4141: checking sys/time.h presence
configure:4141: gcc -E  conftest.c
configure:4141: $? = 0
configure:4141: result: yes
configure:4141: checking for sys/time.h
configure:4141: result: yes
configure:4141: checking for sys/types.h
configure:4141: result: yes
configure:4141: checking sys/un.h usability
configure:4141: gcc -c -g -O2  conftest.c >&5
configure:4141: $? = 0
configure:4141: result: yes
configure:4141: checking sys/un.h presence
configure:4141: gcc -E  conftest.c
configure:4141: $? = 0
configure:4141: result: yes
configure:4141: checking for sys/un.h
configure:4141: result: yes
configure:4141: checking for sys/wait.h
configure:4141: result: yes
configure:4141: checking for unistd.h
configure:4141: result: yes
configure:4154: checking for an ANSI C-conforming const
configure:4219: gcc -c -g -O2  conftest.c >&5
configure:4219: $? = 0
configure:4226: result: yes
configure:4234: checking for uid_t in sys/types.h
configure:4253: result: yes
configure:4264: checking for pid_t
configure:4264: gcc -c -g -O2  conftest.c >&5
configure:4264: $? = 0
configure:4264: gcc -c -g -O2  conftest.c >&5
conftest.c: In function 'main':
conftest.c:78:20: error: expected expression before ')' token
configure:4264: $? = 1
configure: failed program was:
| /* confdefs.h */
| #define PACKAGE_NAME "spawn-fcgi"
| #define PACKAGE_TARNAME "spawn-fcgi"
| #define PACKAGE_VERSION "1.6.4"
| #define PACKAGE_STRING "spawn-fcgi 1.6.4"
| #define PACKAGE_BUGREPORT ""
| #define PACKAGE_URL ""
| #define PACKAGE "spawn-fcgi"
| #define VERSION "1.6.4"
| #define STDC_HEADERS 1
| #define HAVE_SYS_WAIT_H 1
| #define HAVE_SYS_TYPES_H 1
| #define HAVE_SYS_STAT_H 1
| #define HAVE_STDLIB_H 1
| #define HAVE_STRING_H 1
| #define HAVE_MEMORY_H 1
| #define HAVE_STRINGS_H 1
| #define HAVE_INTTYPES_H 1
| #define HAVE_STDINT_H 1
| #define HAVE_UNISTD_H 1
| #define HAVE_ARPA_INET_H 1
| #define HAVE_ERRNO_H 1
| #define HAVE_FCNTL_H 1
| #define HAVE_GETOPT_H 1
| #define HAVE_GRP_H 1
| #define HAVE_NETDB_H 1
| #define HAVE_NETINET_IN_H 1
| #define HAVE_NETINET_TCP_H 1
| #define HAVE_PWD_H 1
| #define HAVE_STDIO_H 1
| #define HAVE_STDLIB_H 1
| #define HAVE_STRING_H 1
| #define HAVE_SYS_IOCTL_H 1
| #define HAVE_SYS_SOCKET_H 1
| #define HAVE_SYS_STAT_H 1
| #define HAVE_SYS_TIME_H 1
| #define HAVE_SYS_TYPES_H 1
| #define HAVE_SYS_UN_H 1
| #define HAVE_SYS_WAIT_H 1
| #define HAVE_UNISTD_H 1
| /* end confdefs.h.  */
| #include <stdio.h>
| #ifdef HAVE_SYS_TYPES_H
| # include <sys/types.h>
| #endif
| #ifdef HAVE_SYS_STAT_H
| # include <sys/stat.h>
| #endif
| #ifdef STDC_HEADERS
| # include <stdlib.h>
| # include <stddef.h>
| #else
| # ifdef HAVE_STDLIB_H
| #  include <stdlib.h>
| # endif
| #endif
| #ifdef HAVE_STRING_H
| # if !defined STDC_HEADERS && defined HAVE_MEMORY_H
| #  include <memory.h>
| # endif
| # include <string.h>
| #endif
| #ifdef HAVE_STRINGS_H
| # include <strings.h>
| #endif
| #ifdef HAVE_INTTYPES_H
| # include <inttypes.h>
| #endif
| #ifdef HAVE_STDINT_H
| # include <stdint.h>
| #endif
| #ifdef HAVE_UNISTD_H
| # include <unistd.h>
| #endif
| int
| main ()
| {
| if (sizeof ((pid_t)))
| 	    return 0;
|   ;
|   return 0;
| }
configure:4264: result: yes
configure:4275: checking whether time.h and sys/time.h may both be included
configure:4295: gcc -c -g -O2  conftest.c >&5
configure:4295: $? = 0
configure:4302: result: yes
configure:4310: checking for socklen_t
configure:4310: gcc -c -g -O2  conftest.c >&5
configure:4310: $? = 0
configure:4310: gcc -c -g -O2  conftest.c >&5
conftest.c: In function 'main':
conftest.c:49:24: error: expected expression before ')' token
configure:4310: $? = 1
configure: failed program was:
| /* confdefs.h */
| #define PACKAGE_NAME "spawn-fcgi"
| #define PACKAGE_TARNAME "spawn-fcgi"
| #define PACKAGE_VERSION "1.6.4"
| #define PACKAGE_STRING "spawn-fcgi 1.6.4"
| #define PACKAGE_BUGREPORT ""
| #define PACKAGE_URL ""
| #define PACKAGE "spawn-fcgi"
| #define VERSION "1.6.4"
| #define STDC_HEADERS 1
| #define HAVE_SYS_WAIT_H 1
| #define HAVE_SYS_TYPES_H 1
| #define HAVE_SYS_STAT_H 1
| #define HAVE_STDLIB_H 1
| #define HAVE_STRING_H 1
| #define HAVE_MEMORY_H 1
| #define HAVE_STRINGS_H 1
| #define HAVE_INTTYPES_H 1
| #define HAVE_STDINT_H 1
| #define HAVE_UNISTD_H 1
| #define HAVE_ARPA_INET_H 1
| #define HAVE_ERRNO_H 1
| #define HAVE_FCNTL_H 1
| #define HAVE_GETOPT_H 1
| #define HAVE_GRP_H 1
| #define HAVE_NETDB_H 1
| #define HAVE_NETINET_IN_H 1
| #define HAVE_NETINET_TCP_H 1
| #define HAVE_PWD_H 1
| #define HAVE_STDIO_H 1
| #define HAVE_STDLIB_H 1
| #define HAVE_STRING_H 1
| #define HAVE_SYS_IOCTL_H 1
| #define HAVE_SYS_SOCKET_H 1
| #define HAVE_SYS_STAT_H 1
| #define HAVE_SYS_TIME_H 1
| #define HAVE_SYS_TYPES_H 1
| #define HAVE_SYS_UN_H 1
| #define HAVE_SYS_WAIT_H 1
| #define HAVE_UNISTD_H 1
| #define TIME_WITH_SYS_TIME 1
| /* end confdefs.h.  */
| #include <sys/types.h>
| #include <sys/socket.h>
| 
| int
| main ()
| {
| if (sizeof ((socklen_t)))
| 	    return 0;
|   ;
|   return 0;
| }
configure:4310: result: yes
configure:4324: checking for library containing socket
configure:4355: gcc -o conftest -g -O2   conftest.c  >&5
configure:4355: $? = 0
configure:4372: result: none required
configure:4380: checking for library containing inet_addr
configure:4411: gcc -o conftest -g -O2   conftest.c  >&5
configure:4411: $? = 0
configure:4428: result: none required
configure:4440: checking for unistd.h
configure:4440: result: yes
configure:4450: checking for working chown
configure:4483: gcc -o conftest -g -O2   conftest.c  >&5
configure:4483: $? = 0
configure:4483: ./conftest
configure:4483: $? = 0
configure:4495: result: yes
configure:4505: checking vfork.h usability
configure:4505: gcc -c -g -O2  conftest.c >&5
conftest.c:79:19: fatal error: vfork.h: No such file or directory
compilation terminated.
configure:4505: $? = 1
configure: failed program was:
| /* confdefs.h */
| #define PACKAGE_NAME "spawn-fcgi"
| #define PACKAGE_TARNAME "spawn-fcgi"
| #define PACKAGE_VERSION "1.6.4"
| #define PACKAGE_STRING "spawn-fcgi 1.6.4"
| #define PACKAGE_BUGREPORT ""
| #define PACKAGE_URL ""
| #define PACKAGE "spawn-fcgi"
| #define VERSION "1.6.4"
| #define STDC_HEADERS 1
| #define HAVE_SYS_WAIT_H 1
| #define HAVE_SYS_TYPES_H 1
| #define HAVE_SYS_STAT_H 1
| #define HAVE_STDLIB_H 1
| #define HAVE_STRING_H 1
| #define HAVE_MEMORY_H 1
| #define HAVE_STRINGS_H 1
| #define HAVE_INTTYPES_H 1
| #define HAVE_STDINT_H 1
| #define HAVE_UNISTD_H 1
| #define HAVE_ARPA_INET_H 1
| #define HAVE_ERRNO_H 1
| #define HAVE_FCNTL_H 1
| #define HAVE_GETOPT_H 1
| #define HAVE_GRP_H 1
| #define HAVE_NETDB_H 1
| #define HAVE_NETINET_IN_H 1
| #define HAVE_NETINET_TCP_H 1
| #define HAVE_PWD_H 1
| #define HAVE_STDIO_H 1
| #define HAVE_STDLIB_H 1
| #define HAVE_STRING_H 1
| #define HAVE_SYS_IOCTL_H 1
| #define HAVE_SYS_SOCKET_H 1
| #define HAVE_SYS_STAT_H 1
| #define HAVE_SYS_TIME_H 1
| #define HAVE_SYS_TYPES_H 1
| #define HAVE_SYS_UN_H 1
| #define HAVE_SYS_WAIT_H 1
| #define HAVE_UNISTD_H 1
| #define TIME_WITH_SYS_TIME 1
| #define HAVE_SOCKLEN_T 1
| #define HAVE_UNISTD_H 1
| #define HAVE_CHOWN 1
| /* end confdefs.h.  */
| #include <stdio.h>
| #ifdef HAVE_SYS_TYPES_H
| # include <sys/types.h>
| #endif
| #ifdef HAVE_SYS_STAT_H
| # include <sys/stat.h>
| #endif
| #ifdef STDC_HEADERS
| # include <stdlib.h>
| # include <stddef.h>
| #else
| # ifdef HAVE_STDLIB_H
| #  include <stdlib.h>
| # endif
| #endif
| #ifdef HAVE_STRING_H
| # if !defined STDC_HEADERS && defined HAVE_MEMORY_H
| #  include <memory.h>
| # endif
| # include <string.h>
| #endif
| #ifdef HAVE_STRINGS_H
| # include <strings.h>
| #endif
| #ifdef HAVE_INTTYPES_H
| # include <inttypes.h>
| #endif
| #ifdef HAVE_STDINT_H
| # include <stdint.h>
| #endif
| #ifdef HAVE_UNISTD_H
| # include <unistd.h>
| #endif
| #include <vfork.h>
configure:4505: result: no
configure:4505: checking vfork.h presence
configure:4505: gcc -E  conftest.c
conftest.c:46:19: fatal error: vfork.h: No such file or directory
compilation terminated.
configure:4505: $? = 1
configure: failed program was:
| /* confdefs.h */
| #define PACKAGE_NAME "spawn-fcgi"
| #define PACKAGE_TARNAME "spawn-fcgi"
| #define PACKAGE_VERSION "1.6.4"
| #define PACKAGE_STRING "spawn-fcgi 1.6.4"
| #define PACKAGE_BUGREPORT ""
| #define PACKAGE_URL ""
| #define PACKAGE "spawn-fcgi"
| #define VERSION "1.6.4"
| #define STDC_HEADERS 1
| #define HAVE_SYS_WAIT_H 1
| #define HAVE_SYS_TYPES_H 1
| #define HAVE_SYS_STAT_H 1
| #define HAVE_STDLIB_H 1
| #define HAVE_STRING_H 1
| #define HAVE_MEMORY_H 1
| #define HAVE_STRINGS_H 1
| #define HAVE_INTTYPES_H 1
| #define HAVE_STDINT_H 1
| #define HAVE_UNISTD_H 1
| #define HAVE_ARPA_INET_H 1
| #define HAVE_ERRNO_H 1
| #define HAVE_FCNTL_H 1
| #define HAVE_GETOPT_H 1
| #define HAVE_GRP_H 1
| #define HAVE_NETDB_H 1
| #define HAVE_NETINET_IN_H 1
| #define HAVE_NETINET_TCP_H 1
| #define HAVE_PWD_H 1
| #define HAVE_STDIO_H 1
| #define HAVE_STDLIB_H 1
| #define HAVE_STRING_H 1
| #define HAVE_SYS_IOCTL_H 1
| #define HAVE_SYS_SOCKET_H 1
| #define HAVE_SYS_STAT_H 1
| #define HAVE_SYS_TIME_H 1
| #define HAVE_SYS_TYPES_H 1
| #define HAVE_SYS_UN_H 1
| #define HAVE_SYS_WAIT_H 1
| #define HAVE_UNISTD_H 1
| #define TIME_WITH_SYS_TIME 1
| #define HAVE_SOCKLEN_T 1
| #define HAVE_UNISTD_H 1
| #define HAVE_CHOWN 1
| /* end confdefs.h.  */
| #include <vfork.h>
configure:4505: result: no
configure:4505: checking for vfork.h
configure:4505: result: no
configure:4518: checking for fork
configure:4518: gcc -o conftest -g -O2   conftest.c  >&5
conftest.c:69:6: warning: conflicting types for built-in function 'fork' [enabled by default]
configure:4518: $? = 0
configure:4518: result: yes
configure:4518: checking for vfork
configure:4518: gcc -o conftest -g -O2   conftest.c  >&5
configure:4518: $? = 0
configure:4518: result: yes
configure:4528: checking for working fork
configure:4550: gcc -o conftest -g -O2   conftest.c  >&5
configure:4550: $? = 0
configure:4550: ./conftest
configure:4550: $? = 0
configure:4560: result: yes
configure:4581: checking for working vfork
configure:4691: result: yes
configure:4718: checking for stdlib.h
configure:4718: result: yes
configure:4728: checking for GNU libc compatible malloc
configure:4752: gcc -o conftest -g -O2   conftest.c  >&5
configure:4752: $? = 0
configure:4752: ./conftest
configure:4752: $? = 0
configure:4762: result: yes
configure:4786: checking sys/select.h usability
configure:4786: gcc -c -g -O2  conftest.c >&5
configure:4786: $? = 0
configure:4786: result: yes
configure:4786: checking sys/select.h presence
configure:4786: gcc -E  conftest.c
configure:4786: $? = 0
configure:4786: result: yes
configure:4786: checking for sys/select.h
configure:4786: result: yes
configure:4786: checking for sys/socket.h
configure:4786: result: yes
configure:4796: checking types of arguments for select
configure:4824: gcc -c -g -O2  conftest.c >&5
configure:4824: $? = 0
configure:4835: result: int,fd_set *,struct timeval *
configure:4858: checking whether lstat correctly handles trailing slash
configure:4884: gcc -o conftest -g -O2   conftest.c  >&5
configure:4884: $? = 0
configure:4884: ./conftest
configure:4884: $? = 0
configure:4901: result: yes
configure:4920: checking whether stat accepts an empty string
configure:4940: gcc -o conftest -g -O2   conftest.c  >&5
configure:4940: $? = 0
configure:4940: ./conftest
configure:4940: $? = 0
configure:4950: result: no
configure:4969: checking for dup2
configure:4969: gcc -o conftest -g -O2   conftest.c  >&5
configure:4969: $? = 0
configure:4969: result: yes
configure:4969: checking for memset
configure:4969: gcc -o conftest -g -O2   conftest.c  >&5
conftest.c:82:6: warning: conflicting types for built-in function 'memset' [enabled by default]
configure:4969: $? = 0
configure:4969: result: yes
configure:4969: checking for putenv
configure:4969: gcc -o conftest -g -O2   conftest.c  >&5
configure:4969: $? = 0
configure:4969: result: yes
configure:4969: checking for select
configure:4969: gcc -o conftest -g -O2   conftest.c  >&5
configure:4969: $? = 0
configure:4969: result: yes
configure:4969: checking for socket
configure:4969: gcc -o conftest -g -O2   conftest.c  >&5
configure:4969: $? = 0
configure:4969: result: yes
configure:4969: checking for strerror
configure:4969: gcc -o conftest -g -O2   conftest.c  >&5
configure:4969: $? = 0
configure:4969: result: yes
configure:4969: checking for strtol
configure:4969: gcc -o conftest -g -O2   conftest.c  >&5
configure:4969: $? = 0
configure:4969: result: yes
configure:4969: checking for issetugid
configure:4969: gcc -o conftest -g -O2   conftest.c  >&5
/tmp/cc2DQXQ6.o: In function `main':
/home/dyc/tools/spawn-fcgi/conftest.c:99: undefined reference to `issetugid'
collect2: ld returned 1 exit status
configure:4969: $? = 1
configure: failed program was:
| /* confdefs.h */
| #define PACKAGE_NAME "spawn-fcgi"
| #define PACKAGE_TARNAME "spawn-fcgi"
| #define PACKAGE_VERSION "1.6.4"
| #define PACKAGE_STRING "spawn-fcgi 1.6.4"
| #define PACKAGE_BUGREPORT ""
| #define PACKAGE_URL ""
| #define PACKAGE "spawn-fcgi"
| #define VERSION "1.6.4"
| #define STDC_HEADERS 1
| #define HAVE_SYS_WAIT_H 1
| #define HAVE_SYS_TYPES_H 1
| #define HAVE_SYS_STAT_H 1
| #define HAVE_STDLIB_H 1
| #define HAVE_STRING_H 1
| #define HAVE_MEMORY_H 1
| #define HAVE_STRINGS_H 1
| #define HAVE_INTTYPES_H 1
| #define HAVE_STDINT_H 1
| #define HAVE_UNISTD_H 1
| #define HAVE_ARPA_INET_H 1
| #define HAVE_ERRNO_H 1
| #define HAVE_FCNTL_H 1
| #define HAVE_GETOPT_H 1
| #define HAVE_GRP_H 1
| #define HAVE_NETDB_H 1
| #define HAVE_NETINET_IN_H 1
| #define HAVE_NETINET_TCP_H 1
| #define HAVE_PWD_H 1
| #define HAVE_STDIO_H 1
| #define HAVE_STDLIB_H 1
| #define HAVE_STRING_H 1
| #define HAVE_SYS_IOCTL_H 1
| #define HAVE_SYS_SOCKET_H 1
| #define HAVE_SYS_STAT_H 1
| #define HAVE_SYS_TIME_H 1
| #define HAVE_SYS_TYPES_H 1
| #define HAVE_SYS_UN_H 1
| #define HAVE_SYS_WAIT_H 1
| #define HAVE_UNISTD_H 1
| #define TIME_WITH_SYS_TIME 1
| #define HAVE_SOCKLEN_T 1
| #define HAVE_UNISTD_H 1
| #define HAVE_CHOWN 1
| #define HAVE_FORK 1
| #define HAVE_VFORK 1
| #define HAVE_WORKING_VFORK 1
| #define HAVE_WORKING_FORK 1
| #define HAVE_STDLIB_H 1
| #define HAVE_MALLOC 1
| #define HAVE_SYS_SELECT_H 1
| #define HAVE_SYS_SOCKET_H 1
| #define SELECT_TYPE_ARG1 int
| #define SELECT_TYPE_ARG234 (fd_set *)
| #define SELECT_TYPE_ARG5 (struct timeval *)
| #define LSTAT_FOLLOWS_SLASHED_SYMLINK 1
| #define HAVE_DUP2 1
| #define HAVE_MEMSET 1
| #define HAVE_PUTENV 1
| #define HAVE_SELECT 1
| #define HAVE_SOCKET 1
| #define HAVE_STRERROR 1
| #define HAVE_STRTOL 1
| /* end confdefs.h.  */
| /* Define issetugid to an innocuous variant, in case <limits.h> declares issetugid.
|    For example, HP-UX 11i <limits.h> declares gettimeofday.  */
| #define issetugid innocuous_issetugid
| 
| /* System header to define __stub macros and hopefully few prototypes,
|     which can conflict with char issetugid (); below.
|     Prefer <limits.h> to <assert.h> if __STDC__ is defined, since
|     <limits.h> exists even on freestanding compilers.  */
| 
| #ifdef __STDC__
| # include <limits.h>
| #else
| # include <assert.h>
| #endif
| 
| #undef issetugid
| 
| /* Override any GCC internal prototype to avoid an error.
|    Use char because int might match the return type of a GCC
|    builtin and then its argument prototype would still apply.  */
| #ifdef __cplusplus
| extern "C"
| #endif
| char issetugid ();
| /* The GNU C library defines this for functions which it implements
|     to always fail with ENOSYS.  Some functions are actually named
|     something starting with __ and the normal name is an alias.  */
| #if defined __stub_issetugid || defined __stub___issetugid
| choke me
| #endif
| 
| int
| main ()
| {
| return issetugid ();
|   ;
|   return 0;
| }
configure:4969: result: no
configure:4969: checking for inet_pton
configure:4969: gcc -o conftest -g -O2   conftest.c  >&5
configure:4969: $? = 0
configure:4969: result: yes
configure:4995: checking for IPv6 support
configure:5013: gcc -o conftest -g -O2   conftest.c  >&5
configure:5013: $? = 0
configure:5021: result: yes
configure:5185: creating ./config.status

## ---------------------- ##
## Running config.status. ##
## ---------------------- ##

This file was extended by spawn-fcgi config.status 1.6.4, which was
generated by GNU Autoconf 2.68.  Invocation command line was

  CONFIG_FILES    = 
  CONFIG_HEADERS  = 
  CONFIG_LINKS    = 
  CONFIG_COMMANDS = 
  $ ./config.status 

on ubuntu

config.status:908: creating Makefile
config.status:908: creating src/Makefile
config.status:908: creating doc/Makefile
config.status:908: creating config.h
config.status:1089: config.h is unchanged
config.status:1137: executing depfiles commands

## ---------------- ##
## Cache variables. ##
## ---------------- ##

ac_cv_c_compiler_gnu=yes
ac_cv_c_const=yes
ac_cv_env_CC_set=
ac_cv_env_CC_value=
ac_cv_env_CFLAGS_set=
ac_cv_env_CFLAGS_value=
ac_cv_env_CPPFLAGS_set=
ac_cv_env_CPPFLAGS_value=
ac_cv_env_CPP_set=
ac_cv_env_CPP_value=
ac_cv_env_LDFLAGS_set=
ac_cv_env_LDFLAGS_value=
ac_cv_env_LIBS_set=
ac_cv_env_LIBS_value=
ac_cv_env_build_alias_set=
ac_cv_env_build_alias_value=
ac_cv_env_host_alias_set=
ac_cv_env_host_alias_value=
ac_cv_env_target_alias_set=
ac_cv_env_target_alias_value=
ac_cv_func_chown_works=yes
ac_cv_func_dup2=yes
ac_cv_func_fork=yes
ac_cv_func_fork_works=yes
ac_cv_func_inet_pton=yes
ac_cv_func_issetugid=no
ac_cv_func_lstat_dereferences_slashed_symlink=yes
ac_cv_func_malloc_0_nonnull=yes
ac_cv_func_memset=yes
ac_cv_func_putenv=yes
ac_cv_func_select=yes
ac_cv_func_select_args='int,fd_set *,struct timeval *'
ac_cv_func_socket=yes
ac_cv_func_stat_empty_string_bug=no
ac_cv_func_strerror=yes
ac_cv_func_strtol=yes
ac_cv_func_vfork=yes
ac_cv_func_vfork_works=yes
ac_cv_header_arpa_inet_h=yes
ac_cv_header_errno_h=yes
ac_cv_header_fcntl_h=yes
ac_cv_header_getopt_h=yes
ac_cv_header_grp_h=yes
ac_cv_header_inttypes_h=yes
ac_cv_header_memory_h=yes
ac_cv_header_netdb_h=yes
ac_cv_header_netinet_in_h=yes
ac_cv_header_netinet_tcp_h=yes
ac_cv_header_pwd_h=yes
ac_cv_header_stdc=yes
ac_cv_header_stdint_h=yes
ac_cv_header_stdio_h=yes
ac_cv_header_stdlib_h=yes
ac_cv_header_string_h=yes
ac_cv_header_strings_h=yes
ac_cv_header_sys_ioctl_h=yes
ac_cv_header_sys_select_h=yes
ac_cv_header_sys_socket_h=yes
ac_cv_header_sys_stat_h=yes
ac_cv_header_sys_time_h=yes
ac_cv_header_sys_types_h=yes
ac_cv_header_sys_un_h=yes
ac_cv_header_sys_wait_h=yes
ac_cv_header_time=yes
ac_cv_header_unistd_h=yes
ac_cv_header_vfork_h=no
ac_cv_ipv6_support=yes
ac_cv_objext=o
ac_cv_path_EGREP='/bin/grep -E'
ac_cv_path_GREP=/bin/grep
ac_cv_path_install='/usr/bin/install -c'
ac_cv_path_mkdir=/bin/mkdir
ac_cv_prog_AWK=mawk
ac_cv_prog_CPP='gcc -E'
ac_cv_prog_ac_ct_CC=gcc
ac_cv_prog_cc_c89=
ac_cv_prog_cc_g=yes
ac_cv_prog_make_make_set=yes
ac_cv_search_inet_addr='none required'
ac_cv_search_socket='none required'
ac_cv_type_pid_t=yes
ac_cv_type_socklen_t=yes
ac_cv_type_uid_t=yes
am_cv_CC_dependencies_compiler_type=gcc3

## ----------------- ##
## Output variables. ##
## ----------------- ##

ACLOCAL='${SHELL} /home/dyc/tools/spawn-fcgi/missing --run aclocal-1.11'
AMDEPBACKSLASH='\'
AMDEP_FALSE='#'
AMDEP_TRUE=''
AMTAR='$${TAR-tar}'
AUTOCONF='${SHELL} /home/dyc/tools/spawn-fcgi/missing --run autoconf'
AUTOHEADER='${SHELL} /home/dyc/tools/spawn-fcgi/missing --run autoheader'
AUTOMAKE='${SHELL} /home/dyc/tools/spawn-fcgi/missing --run automake-1.11'
AWK='mawk'
CC='gcc'
CCDEPMODE='depmode=gcc3'
CFLAGS='-g -O2 -Wall -W -Wshadow -pedantic -std=gnu99'
CPP='gcc -E'
CPPFLAGS=''
CYGPATH_W='echo'
DEFS='-DHAVE_CONFIG_H'
DEPDIR='.deps'
ECHO_C=''
ECHO_N='-n'
ECHO_T=''
EGREP='/bin/grep -E'
EXEEXT=''
GREP='/bin/grep'
INSTALL_DATA='${INSTALL} -m 644'
INSTALL_PROGRAM='${INSTALL}'
INSTALL_SCRIPT='${INSTALL}'
INSTALL_STRIP_PROGRAM='$(install_sh) -c -s'
LDFLAGS=''
LIBOBJS=''
LIBS=''
LTLIBOBJS=''
MAKEINFO='${SHELL} /home/dyc/tools/spawn-fcgi/missing --run makeinfo'
MKDIR_P='/bin/mkdir -p'
OBJEXT='o'
PACKAGE='spawn-fcgi'
PACKAGE_BUGREPORT=''
PACKAGE_NAME='spawn-fcgi'
PACKAGE_STRING='spawn-fcgi 1.6.4'
PACKAGE_TARNAME='spawn-fcgi'
PACKAGE_URL=''
PACKAGE_VERSION='1.6.4'
PATH_SEPARATOR=':'
SET_MAKE=''
SHELL='/bin/bash'
STRIP=''
VERSION='1.6.4'
ac_ct_CC='gcc'
am__EXEEXT_FALSE=''
am__EXEEXT_TRUE='#'
am__fastdepCC_FALSE='#'
am__fastdepCC_TRUE=''
am__include='include'
am__isrc=''
am__leading_dot='.'
am__nodep='_no'
am__quote=''
am__tar='$${TAR-tar} chof - "$$tardir"'
am__untar='$${TAR-tar} xf -'
bindir='${exec_prefix}/bin'
build_alias=''
datadir='${datarootdir}'
datarootdir='${prefix}/share'
docdir='${datarootdir}/doc/${PACKAGE_TARNAME}'
dvidir='${docdir}'
exec_prefix='${prefix}'
host_alias=''
htmldir='${docdir}'
includedir='${prefix}/include'
infodir='${datarootdir}/info'
install_sh='${SHELL} /home/dyc/tools/spawn-fcgi/install-sh'
libdir='${exec_prefix}/lib'
libexecdir='${exec_prefix}/libexec'
localedir='${datarootdir}/locale'
localstatedir='${prefix}/var'
mandir='${datarootdir}/man'
mkdir_p='/bin/mkdir -p'
oldincludedir='/usr/include'
pdfdir='${docdir}'
prefix='/home/dyc/tools/spawn-fcgi'
program_transform_name='s,x,x,'
psdir='${docdir}'
sbindir='${exec_prefix}/sbin'
sharedstatedir='${prefix}/com'
sysconfdir='${prefix}/etc'
target_alias=''

## ----------- ##
## confdefs.h. ##
## ----------- ##

/* confdefs.h */
#define PACKAGE_NAME "spawn-fcgi"
#define PACKAGE_TARNAME "spawn-fcgi"
#define PACKAGE_VERSION "1.6.4"
#define PACKAGE_STRING "spawn-fcgi 1.6.4"
#define PACKAGE_BUGREPORT ""
#define PACKAGE_URL ""
#define PACKAGE "spawn-fcgi"
#define VERSION "1.6.4"
#define STDC_HEADERS 1
#define HAVE_SYS_WAIT_H 1
#define HAVE_SYS_TYPES_H 1
#define HAVE_SYS_STAT_H 1
#define HAVE_STDLIB_H 1
#define HAVE_STRING_H 1
#define HAVE_MEMORY_H 1
#define HAVE_STRINGS_H 1
#define HAVE_INTTYPES_H 1
#define HAVE_STDINT_H 1
#define HAVE_UNISTD_H 1
#define HAVE_ARPA_INET_H 1
#define HAVE_ERRNO_H 1
#define HAVE_FCNTL_H 1
#define HAVE_GETOPT_H 1
#define HAVE_GRP_H 1
#define HAVE_NETDB_H 1
#define HAVE_NETINET_IN_H 1
#define HAVE_NETINET_TCP_H 1
#define HAVE_PWD_H 1
#define HAVE_STDIO_H 1
#define HAVE_STDLIB_H 1
#define HAVE_STRING_H 1
#define HAVE_SYS_IOCTL_H 1
#define HAVE_SYS_SOCKET_H 1
#define HAVE_SYS_STAT_H 1
#define HAVE_SYS_TIME_H 1
#define HAVE_SYS_TYPES_H 1
#define HAVE_SYS_UN_H 1
#define HAVE_SYS_WAIT_H 1
#define HAVE_UNISTD_H 1
#define TIME_WITH_SYS_TIME 1
#define HAVE_SOCKLEN_T 1
#define HAVE_UNISTD_H 1
#define HAVE_CHOWN 1
#define HAVE_FORK 1
#define HAVE_VFORK 1
#define HAVE_WORKING_VFORK 1
#define HAVE_WORKING_FORK 1
#define HAVE_STDLIB_H 1
#define HAVE_MALLOC 1
#define HAVE_SYS_SELECT_H 1
#define HAVE_SYS_SOCKET_H 1
#define SELECT_TYPE_ARG1 int
#define SELECT_TYPE_ARG234 (fd_set *)
#define SELECT_TYPE_ARG5 (struct timeval *)
#define LSTAT_FOLLOWS_SLASHED_SYMLINK 1
#define HAVE_DUP2 1
#define HAVE_MEMSET 1
#define HAVE_PUTENV 1
#define HAVE_SELECT 1
#define HAVE_SOCKET 1
#define HAVE_STRERROR 1
#define HAVE_STRTOL 1
#define HAVE_INET_PTON 1
#define HAVE_IPV6 1

configure: exit 0
